2022-10-29 18:12:34.150  INFO 5806 --- [main] com.viettel.project.Application          : Starting Application using Java 1.8.0_345 on Quanzip.local with PID 5806 (/Users/phamhongquan/IdeaProjects/Micro service app 2/client-register-service/target/classes started by phamhongquan in /Users/phamhongquan/IdeaProjects/Micro service app 2/client-register-service)
2022-10-29 18:12:34.152  INFO 5806 --- [main] com.viettel.project.Application          : No active profile set, falling back to default profiles: default
2022-10-29 18:12:34.168  INFO 5806 --- [main] o.s.b.context.config.ConfigDataLoader    : Fetching config from server at : http://172.20.10.4:9025
2022-10-29 18:12:34.168  INFO 5806 --- [main] o.s.b.context.config.ConfigDataLoader    : Located environment: name=client-registry, profiles=[default], label=null, version=null, state=null
2022-10-29 18:12:34.613  INFO 5806 --- [main] .s.d.r.c.RepositoryConfigurationDelegate : Bootstrapping Spring Data JPA repositories in DEFAULT mode.
2022-10-29 18:12:34.637  INFO 5806 --- [main] .s.d.r.c.RepositoryConfigurationDelegate : Finished Spring Data repository scanning in 20 ms. Found 1 JPA repository interfaces.
2022-10-29 18:12:34.785  INFO 5806 --- [main] o.s.cloud.context.scope.GenericScope     : BeanFactory id=c61b55dd-2417-31e3-aa51-fc165170d64f
2022-10-29 18:12:34.865  INFO 5806 --- [main] trationDelegate$BeanPostProcessorChecker : Bean 'oauth2Config' of type [com.viettel.project.security.Oauth2Config$$EnhancerBySpringCGLIB$$7a67c17e] is not eligible for getting processed by all BeanPostProcessors (for example: not eligible for auto-proxying)
2022-10-29 18:12:35.012  INFO 5806 --- [main] o.s.b.w.embedded.tomcat.TomcatWebServer  : Tomcat initialized with port(s): 9095 (http)
2022-10-29 18:12:35.016  INFO 5806 --- [main] o.apache.catalina.core.StandardService   : Starting service [Tomcat]
2022-10-29 18:12:35.016  INFO 5806 --- [main] org.apache.catalina.core.StandardEngine  : Starting Servlet engine: [Apache Tomcat/9.0.56]
2022-10-29 18:12:35.054  INFO 5806 --- [main] o.a.c.c.C.[Tomcat].[localhost].[/]       : Initializing Spring embedded WebApplicationContext
2022-10-29 18:12:35.054  INFO 5806 --- [main] w.s.c.ServletWebServerApplicationContext : Root WebApplicationContext: initialization completed in 885 ms
2022-10-29 18:12:35.221  INFO 5806 --- [main] o.hibernate.jpa.internal.util.LogHelper  : HHH000204: Processing PersistenceUnitInfo [name: default]
2022-10-29 18:12:35.236  INFO 5806 --- [main] org.hibernate.Version                    : HHH000412: Hibernate ORM core version 5.6.4.Final
2022-10-29 18:12:35.280  INFO 5806 --- [main] o.hibernate.annotations.common.Version   : HCANN000001: Hibernate Commons Annotations {5.1.2.Final}
2022-10-29 18:12:35.311  INFO 5806 --- [main] com.zaxxer.hikari.HikariDataSource       : HikariPool-1 - Starting...
2022-10-29 18:12:35.385  INFO 5806 --- [main] com.zaxxer.hikari.HikariDataSource       : HikariPool-1 - Start completed.
2022-10-29 18:12:35.390  INFO 5806 --- [main] org.hibernate.dialect.Dialect            : HHH000400: Using dialect: org.hibernate.dialect.MySQL5InnoDBDialect
2022-10-29 18:12:35.629  INFO 5806 --- [main] o.h.e.t.j.p.i.JtaPlatformInitiator       : HHH000490: Using JtaPlatform implementation: [org.hibernate.engine.transaction.jta.platform.internal.NoJtaPlatform]
2022-10-29 18:12:35.633  INFO 5806 --- [main] j.LocalContainerEntityManagerFactoryBean : Initialized JPA EntityManagerFactory for persistence unit 'default'
2022-10-29 18:12:35.839  WARN 5806 --- [main] JpaBaseConfiguration$JpaWebConfiguration : spring.jpa.open-in-view is enabled by default. Therefore, database queries may be performed during view rendering. Explicitly configure spring.jpa.open-in-view to disable this warning
2022-10-29 18:12:36.829  INFO 5806 --- [main] .s.s.UserDetailsServiceAutoConfiguration : 

Using generated security password: 606e70e5-fdb4-4399-a475-0d1dd40be8ec

2022-10-29 18:12:36.988  INFO 5806 --- [main] o.s.s.web.DefaultSecurityFilterChain     : Will secure any request with [org.springframework.security.web.context.request.async.WebAsyncManagerIntegrationFilter@1abbc1d4, org.springframework.security.web.context.SecurityContextPersistenceFilter@5764d421, org.springframework.security.web.header.HeaderWriterFilter@4b762988, org.springframework.security.web.authentication.logout.LogoutFilter@18ff753c, org.springframework.security.oauth2.provider.authentication.OAuth2AuthenticationProcessingFilter@4a49919c, org.springframework.security.web.savedrequest.RequestCacheAwareFilter@70d7a49b, org.springframework.security.web.servletapi.SecurityContextHolderAwareRequestFilter@41289e88, org.springframework.security.web.authentication.AnonymousAuthenticationFilter@48bab2c6, org.springframework.security.web.session.SessionManagementFilter@4a3516fd, org.springframework.security.web.access.ExceptionTranslationFilter@713497cd, org.springframework.security.web.access.intercept.FilterSecurityInterceptor@6ac2c5a1]
2022-10-29 18:12:37.011  INFO 5806 --- [main] DiscoveryClientOptionalArgsConfiguration : Eureka HTTP Client uses RestTemplate.
2022-10-29 18:12:37.057  WARN 5806 --- [main] iguration$LoadBalancerCaffeineWarnLogger : Spring Cloud LoadBalancer is currently working with the default cache. While this cache implementation is useful for development and tests, it's recommended to use Caffeine cache in production.You can switch to using Caffeine cache, by adding it and org.springframework.cache.caffeine.CaffeineCacheManager to the classpath.
2022-10-29 18:12:37.060  INFO 5806 --- [main] o.s.b.a.e.web.EndpointLinksResolver      : Exposing 17 endpoint(s) beneath base path '/actuator'
2022-10-29 18:12:37.142  INFO 5806 --- [main] o.s.c.n.eureka.InstanceInfoFactory       : Setting initial instance status as: STARTING
2022-10-29 18:12:37.160  INFO 5806 --- [main] com.netflix.discovery.DiscoveryClient    : Initializing Eureka in region us-east-1
2022-10-29 18:12:37.163  INFO 5806 --- [main] c.n.d.s.r.aws.ConfigClusterResolver      : Resolving eureka endpoints via configuration
2022-10-29 18:12:37.172  INFO 5806 --- [main] com.netflix.discovery.DiscoveryClient    : Disable delta property : false
2022-10-29 18:12:37.172  INFO 5806 --- [main] com.netflix.discovery.DiscoveryClient    : Single vip registry refresh property : null
2022-10-29 18:12:37.172  INFO 5806 --- [main] com.netflix.discovery.DiscoveryClient    : Force full registry fetch : false
2022-10-29 18:12:37.172  INFO 5806 --- [main] com.netflix.discovery.DiscoveryClient    : Application is null : false
2022-10-29 18:12:37.172  INFO 5806 --- [main] com.netflix.discovery.DiscoveryClient    : Registered Applications size is zero : true
2022-10-29 18:12:37.172  INFO 5806 --- [main] com.netflix.discovery.DiscoveryClient    : Application version is -1: true
2022-10-29 18:12:37.172  INFO 5806 --- [main] com.netflix.discovery.DiscoveryClient    : Getting all instance registry info from the eureka server
2022-10-29 18:12:37.298  INFO 5806 --- [main] com.netflix.discovery.DiscoveryClient    : The response status is 200
2022-10-29 18:12:37.300  INFO 5806 --- [main] com.netflix.discovery.DiscoveryClient    : Starting heartbeat executor: renew interval is: 30
2022-10-29 18:12:37.301  INFO 5806 --- [main] c.n.discovery.InstanceInfoReplicator     : InstanceInfoReplicator onDemand update allowed rate per min is 4
2022-10-29 18:12:37.304  INFO 5806 --- [main] com.netflix.discovery.DiscoveryClient    : Discovery Client initialized at timestamp 1667041957303 with initial instances count: 8
2022-10-29 18:12:37.308  INFO 5806 --- [main] o.s.c.n.e.s.EurekaServiceRegistry        : Registering application CLIENT-REGISTRY with eureka with status UP
2022-10-29 18:12:37.308  INFO 5806 --- [main] com.netflix.discovery.DiscoveryClient    : Saw local status change event StatusChangeEvent [timestamp=1667041957308, current=UP, previous=STARTING]
2022-10-29 18:12:37.309  INFO 5806 --- [DiscoveryClient-InstanceInfoReplicator-0] com.netflix.discovery.DiscoveryClient    : DiscoveryClient_CLIENT-REGISTRY/172.20.10.4:client-registry:9095: registering service...
2022-10-29 18:12:37.324  INFO 5806 --- [main] o.s.b.w.embedded.tomcat.TomcatWebServer  : Tomcat started on port(s): 9095 (http) with context path ''
2022-10-29 18:12:37.324  INFO 5806 --- [main] .s.c.n.e.s.EurekaAutoServiceRegistration : Updating port to 9095
2022-10-29 18:12:37.340  INFO 5806 --- [main] com.viettel.project.Application          : Started Application in 3.589 seconds (JVM running for 3.877)
2022-10-29 18:12:37.341  INFO 5806 --- [DiscoveryClient-InstanceInfoReplicator-0] com.netflix.discovery.DiscoveryClient    : DiscoveryClient_CLIENT-REGISTRY/172.20.10.4:client-registry:9095 - registration status: 204
2022-10-29 18:12:37.347  INFO 5806 --- [main] com.viettel.project.Application          : 
----------------------------------------------------------
	Application 'client-registry' is running!
	client-registry: http://localhost:9095/sw
----------------------------------------------------------
2022-10-29 18:12:37.644  INFO 5806 --- [RMI TCP Connection(7)-127.0.0.1] o.a.c.c.C.[Tomcat].[localhost].[/]       : Initializing Spring DispatcherServlet 'dispatcherServlet'
2022-10-29 18:12:37.644  INFO 5806 --- [RMI TCP Connection(7)-127.0.0.1] o.s.web.servlet.DispatcherServlet        : Initializing Servlet 'dispatcherServlet'
2022-10-29 18:12:37.646  INFO 5806 --- [RMI TCP Connection(7)-127.0.0.1] o.s.web.servlet.DispatcherServlet        : Completed initialization in 2 ms
2022-10-29 18:17:37.172  INFO 5806 --- [AsyncResolver-bootstrap-executor-0] c.n.d.s.r.aws.ConfigClusterResolver      : Resolving eureka endpoints via configuration
2022-10-29 18:21:56.427  INFO 5806 --- [SpringApplicationShutdownHook] o.s.c.n.e.s.EurekaServiceRegistry        : Unregistering application CLIENT-REGISTRY with eureka with status DOWN
2022-10-29 18:21:56.427  INFO 5806 --- [SpringApplicationShutdownHook] com.netflix.discovery.DiscoveryClient    : Saw local status change event StatusChangeEvent [timestamp=1667042516427, current=DOWN, previous=UP]
2022-10-29 18:21:56.427  INFO 5806 --- [DiscoveryClient-InstanceInfoReplicator-0] com.netflix.discovery.DiscoveryClient    : DiscoveryClient_CLIENT-REGISTRY/172.20.10.4:client-registry:9095: registering service...
2022-10-29 18:21:56.432  INFO 5806 --- [DiscoveryClient-InstanceInfoReplicator-0] com.netflix.discovery.DiscoveryClient    : DiscoveryClient_CLIENT-REGISTRY/172.20.10.4:client-registry:9095 - registration status: 204
2022-10-29 18:21:56.440  INFO 5806 --- [SpringApplicationShutdownHook] j.LocalContainerEntityManagerFactoryBean : Closing JPA EntityManagerFactory for persistence unit 'default'
2022-10-29 18:21:56.443  INFO 5806 --- [SpringApplicationShutdownHook] com.zaxxer.hikari.HikariDataSource       : HikariPool-1 - Shutdown initiated...
2022-10-29 18:21:56.447  INFO 5806 --- [SpringApplicationShutdownHook] com.zaxxer.hikari.HikariDataSource       : HikariPool-1 - Shutdown completed.
2022-10-29 18:21:56.449  INFO 5806 --- [SpringApplicationShutdownHook] com.netflix.discovery.DiscoveryClient    : Shutting down DiscoveryClient ...
2022-10-29 18:21:59.455  INFO 5806 --- [SpringApplicationShutdownHook] com.netflix.discovery.DiscoveryClient    : Unregistering ...
2022-10-29 18:21:59.461  INFO 5806 --- [SpringApplicationShutdownHook] com.netflix.discovery.DiscoveryClient    : DiscoveryClient_CLIENT-REGISTRY/172.20.10.4:client-registry:9095 - deregister  status: 200
2022-10-29 18:21:59.463  INFO 5806 --- [SpringApplicationShutdownHook] com.netflix.discovery.DiscoveryClient    : Completed shut down of DiscoveryClient
